<?xml version="1.0" encoding="UTF-8"?>
<testsuite xmlns:xsi="http://www.w3.org/2001/XMLSchema-instance" xsi:noNamespaceSchemaLocation="https://maven.apache.org/surefire/maven-surefire-plugin/xsd/surefire-test-report-3.0.xsd" version="3.0" name="Job Titles Functionality" time="66.505" tests="4" errors="1" skipped="0" failures="0">
  <properties>
[...]
</properties>
  <testcase name="Verify Add new Job Title Functionality" classname="Job Titles Functionality" time="17.398">
    <system-out><![CDATA[
Scenario Outline: Verify Add new Job Title Functionality                                                     &amp#27;[90m# src/test/resources/smoke/SmokeTest.feature:19&amp#27;[0m
  &amp#27;[32mGiven &amp#27;[0m&amp#27;[32mAdmin User navigates to NTK Login page &amp#27;[0m&amp#27;[32m&amp#27;[1m"https://ntkhr.noortecktraining.com/web/index.php/auth/login"&amp#27;[0m &amp#27;[90m# com.steps.JobTitlesStep.navigateToNTK(java.lang.String)&amp#27;[0m
  &amp#27;[32mAnd &amp#27;[0m&amp#27;[32mAdmin User provides credentials &amp#27;[0m&amp#27;[32m&amp#27;[1m"ntk-admin"&amp#27;[0m&amp#27;[32m &amp#27;[0m&amp#27;[32m&amp#27;[1m"Password123@12"&amp#27;[0m                                           &amp#27;[90m# com.steps.JobTitlesStep.enterUserCredentials(java.lang.String,java.lang.String)&amp#27;[0m
  &amp#27;[32mAnd &amp#27;[0m&amp#27;[32mAdmin User clicks login button&amp#27;[0m                                                                         &amp#27;[90m# com.steps.JobTitlesStep.clickLoginBtn()&amp#27;[0m
  &amp#27;[32mAnd &amp#27;[0m&amp#27;[32mAdmin User navigates to &amp#27;[0m&amp#27;[32m&amp#27;[1m"Admin"&amp#27;[0m&amp#27;[32m page&amp#27;[0m                                                                   &amp#27;[90m# com.steps.JobTitlesStep.navigateToPage(java.lang.String)&amp#27;[0m
  &amp#27;[32mAnd &amp#27;[0m&amp#27;[32mAdmin User selects &amp#27;[0m&amp#27;[32m&amp#27;[1m"Job Titles"&amp#27;[0m&amp#27;[32m from &amp#27;[0m&amp#27;[32m&amp#27;[1m"Job"&amp#27;[0m&amp#27;[32m dropdown&amp#27;[0m                                                    &amp#27;[90m# com.steps.JobTitlesStep.selectValueFromDropdown(java.lang.String,java.lang.String)&amp#27;[0m
  &amp#27;[32mWhen &amp#27;[0m&amp#27;[32mAdmin User clicks add button&amp#27;[0m                                                                          &amp#27;[90m# com.steps.JobTitlesStep.clickAddBtn()&amp#27;[0m
  &amp#27;[32mAnd &amp#27;[0m&amp#27;[32mAdmin User provides Job Title field values &amp#27;[0m&amp#27;[32m&amp#27;[1m"B13Cucumber44"&amp#27;[0m&amp#27;[32m &amp#27;[0m&amp#27;[32m&amp#27;[1m"Java is fun"&amp#27;[0m&amp#27;[32m &amp#27;[0m&amp#27;[32m&amp#27;[1m"More Homework"&amp#27;[0m               &amp#27;[90m# com.steps.JobTitlesStep.enterJobTitleFieldValues(java.lang.String,java.lang.String,java.lang.String)&amp#27;[0m
  &amp#27;[32mAnd &amp#27;[0m&amp#27;[32mAdmin User clicks save button&amp#27;[0m                                                                          &amp#27;[90m# com.steps.JobTitlesStep.clickSaveBtn()&amp#27;[0m
Testcase passed:
  &amp#27;[32mThen &amp#27;[0m&amp#27;[32mSystem displays success message &amp#27;[0m&amp#27;[32m&amp#27;[1m"Successfully Saved"&amp#27;[0m                                                  &amp#27;[90m# com.steps.JobTitlesStep.verifySuccessMessage(java.lang.String)&amp#27;[0m
]]></system-out>
    <system-err><![CDATA[SLF4J: Failed to load class "org.slf4j.impl.StaticLoggerBinder".
SLF4J: Defaulting to no-operation (NOP) logger implementation
SLF4J: See http://www.slf4j.org/codes.html#StaticLoggerBinder for further details.
Starting Microsoft Edge WebDriver 136.0.3240.76 (77e9ec69748f08de141572c1eec5e1ad497c7be6) on port 64362
To submit feedback, report a bug, or suggest new features, please visit https://github.com/MicrosoftEdge/EdgeWebDriver

Only local connections are allowed.
Please see https://aka.ms/WebDriverSecurity for suggestions on keeping Microsoft Edge WebDriver safe.

msedgedriver was started successfully on port 64362.
May 16, 2025 9:08:00 PM org.openqa.selenium.remote.ProtocolHandshake createSession
INFO: Detected dialect: W3C
]]></system-err>
  </testcase>
  <testcase name="Verify User cannot add duplicate job" classname="Job Titles Functionality" time="20.878">
    <error message="no such element: Unable to locate element: {&quot;method&quot;:&quot;xpath&quot;,&quot;selector&quot;:&quot;//*[text()=&apos;Already exists&apos;]&quot;}&#10;  (Session info: MicrosoftEdge=136.0.3240.76)&#10;For documentation on this error, please visit: https://www.seleniumhq.org/exceptions/no_such_element.html&#10;Build info: version: &apos;3.141.59&apos;, revision: &apos;e82be7d358&apos;, time: &apos;2018-11-14T08:17:03&apos;&#10;System info: host: &apos;SHAHED-ALRAMDAN&apos;, ip: &apos;192.168.1.73&apos;, os.name: &apos;Windows 11&apos;, os.arch: &apos;amd64&apos;, os.version: &apos;10.0&apos;, java.version: &apos;23.0.2&apos;&#10;Driver info: org.openqa.selenium.edge.EdgeDriver&#10;Capabilities {acceptInsecureCerts: false, browserName: MicrosoftEdge, browserVersion: 136.0.3240.76, fedcm:accounts: true, javascriptEnabled: true, ms:edgeOptions: {debuggerAddress: localhost:56874}, msedge: {msedgedriverVersion: 136.0.3240.76 (77e9ec69748f..., userDataDir: C:\Users\Shahe\AppData\Loca...}, networkConnectionEnabled: false, pageLoadStrategy: normal, platform: WINDOWS, platformName: WINDOWS, proxy: Proxy(), setWindowRect: true, strictFileInteractability: false, timeouts: {implicit: 0, pageLoad: 300000, script: 30000}, unhandledPromptBehavior: dismiss and notify, webauthn:extension:credBlob: true, webauthn:extension:largeBlob: true, webauthn:extension:minPinLength: true, webauthn:extension:prf: true, webauthn:virtualAuthenticators: true}&#10;Session ID: 36473cfe69a15ae612e036b1896dbc82&#10;*** Element info: {Using=xpath, value=//*[text()=&apos;Already exists&apos;]}" type="org.openqa.selenium.NoSuchElementException"><![CDATA[org.openqa.selenium.NoSuchElementException: 
no such element: Unable to locate element: {"method":"xpath","selector":"//*[text()='Already exists']"}
  (Session info: MicrosoftEdge=136.0.3240.76)
For documentation on this error, please visit: https://www.seleniumhq.org/exceptions/no_such_element.html
Build info: version: '3.141.59', revision: 'e82be7d358', time: '2018-11-14T08:17:03'
System info: host: 'SHAHED-ALRAMDAN', ip: '192.168.1.73', os.name: 'Windows 11', os.arch: 'amd64', os.version: '10.0', java.version: '23.0.2'
Driver info: org.openqa.selenium.edge.EdgeDriver
Capabilities {acceptInsecureCerts: false, browserName: MicrosoftEdge, browserVersion: 136.0.3240.76, fedcm:accounts: true, javascriptEnabled: true, ms:edgeOptions: {debuggerAddress: localhost:56874}, msedge: {msedgedriverVersion: 136.0.3240.76 (77e9ec69748f..., userDataDir: C:\Users\Shahe\AppData\Loca...}, networkConnectionEnabled: false, pageLoadStrategy: normal, platform: WINDOWS, platformName: WINDOWS, proxy: Proxy(), setWindowRect: true, strictFileInteractability: false, timeouts: {implicit: 0, pageLoad: 300000, script: 30000}, unhandledPromptBehavior: dismiss and notify, webauthn:extension:credBlob: true, webauthn:extension:largeBlob: true, webauthn:extension:minPinLength: true, webauthn:extension:prf: true, webauthn:virtualAuthenticators: true}
Session ID: 36473cfe69a15ae612e036b1896dbc82
*** Element info: {Using=xpath, value=//*[text()='Already exists']}
	at java.base/jdk.internal.reflect.DirectConstructorHandleAccessor.newInstance(DirectConstructorHandleAccessor.java:62)
	at java.base/java.lang.reflect.Constructor.newInstanceWithCaller(Constructor.java:501)
	at java.base/java.lang.reflect.Constructor.newInstance(Constructor.java:485)
	at org.openqa.selenium.remote.http.W3CHttpResponseCodec.createException(W3CHttpResponseCodec.java:187)
	at org.openqa.selenium.remote.http.W3CHttpResponseCodec.decode(W3CHttpResponseCodec.java:122)
	at org.openqa.selenium.remote.http.W3CHttpResponseCodec.decode(W3CHttpResponseCodec.java:49)
	at org.openqa.selenium.remote.HttpCommandExecutor.execute(HttpCommandExecutor.java:158)
	at org.openqa.selenium.remote.service.DriverCommandExecutor.execute(DriverCommandExecutor.java:83)
	at org.openqa.selenium.remote.RemoteWebDriver.execute(RemoteWebDriver.java:552)
	at org.openqa.selenium.remote.RemoteWebDriver.findElement(RemoteWebDriver.java:323)
	at org.openqa.selenium.remote.RemoteWebDriver.findElementByXPath(RemoteWebDriver.java:428)
	at org.openqa.selenium.By$ByXPath.findElement(By.java:353)
	at org.openqa.selenium.remote.RemoteWebDriver.findElement(RemoteWebDriver.java:315)
	at org.openqa.selenium.support.pagefactory.DefaultElementLocator.findElement(DefaultElementLocator.java:69)
	at org.openqa.selenium.support.pagefactory.internal.LocatingElementHandler.invoke(LocatingElementHandler.java:38)
	at jdk.proxy2/jdk.proxy2.$Proxy17.getText(Unknown Source)
	at com.page.JobTitlesPage.getAlreadyExistText(JobTitlesPage.java:102)
	at com.steps.JobTitlesStep.verifyAlreadyExistsMessage(JobTitlesStep.java:121)
	at ✽.System displays error message under Job Titles field "Already exists"(file:///C:/Users/Shahe/eclipse-workspace/B13-Maven/src/test/resources/smoke/SmokeTest.feature:25)
]]></error>
    <system-out><![CDATA[
Scenario Outline: Verify User cannot add duplicate job                                                       &amp#27;[90m# src/test/resources/smoke/SmokeTest.feature:29&amp#27;[0m
  &amp#27;[32mGiven &amp#27;[0m&amp#27;[32mAdmin User navigates to NTK Login page &amp#27;[0m&amp#27;[32m&amp#27;[1m"https://ntkhr.noortecktraining.com/web/index.php/auth/login"&amp#27;[0m &amp#27;[90m# com.steps.JobTitlesStep.navigateToNTK(java.lang.String)&amp#27;[0m
  &amp#27;[32mAnd &amp#27;[0m&amp#27;[32mAdmin User provides credentials &amp#27;[0m&amp#27;[32m&amp#27;[1m"ntk-admin"&amp#27;[0m&amp#27;[32m &amp#27;[0m&amp#27;[32m&amp#27;[1m"Password123@12"&amp#27;[0m                                           &amp#27;[90m# com.steps.JobTitlesStep.enterUserCredentials(java.lang.String,java.lang.String)&amp#27;[0m
  &amp#27;[32mAnd &amp#27;[0m&amp#27;[32mAdmin User clicks login button&amp#27;[0m                                                                         &amp#27;[90m# com.steps.JobTitlesStep.clickLoginBtn()&amp#27;[0m
  &amp#27;[32mAnd &amp#27;[0m&amp#27;[32mAdmin User navigates to &amp#27;[0m&amp#27;[32m&amp#27;[1m"Admin"&amp#27;[0m&amp#27;[32m page&amp#27;[0m                                                                   &amp#27;[90m# com.steps.JobTitlesStep.navigateToPage(java.lang.String)&amp#27;[0m
  &amp#27;[32mAnd &amp#27;[0m&amp#27;[32mAdmin User selects &amp#27;[0m&amp#27;[32m&amp#27;[1m"Job Titles"&amp#27;[0m&amp#27;[32m from &amp#27;[0m&amp#27;[32m&amp#27;[1m"Job"&amp#27;[0m&amp#27;[32m dropdown&amp#27;[0m                                                    &amp#27;[90m# com.steps.JobTitlesStep.selectValueFromDropdown(java.lang.String,java.lang.String)&amp#27;[0m
  &amp#27;[32mWhen &amp#27;[0m&amp#27;[32mAdmin User clicks add button&amp#27;[0m                                                                          &amp#27;[90m# com.steps.JobTitlesStep.clickAddBtn()&amp#27;[0m
  &amp#27;[32mAnd &amp#27;[0m&amp#27;[32mAdmin User provides Job Title field values &amp#27;[0m&amp#27;[32m&amp#27;[1m"a"&amp#27;[0m&amp#27;[32m &amp#27;[0m&amp#27;[32m&amp#27;[1m""&amp#27;[0m&amp#27;[32m &amp#27;[0m&amp#27;[32m&amp#27;[1m""&amp#27;[0m                                                   &amp#27;[90m# com.steps.JobTitlesStep.enterJobTitleFieldValues(java.lang.String,java.lang.String,java.lang.String)&amp#27;[0m
  &amp#27;[31mThen &amp#27;[0m&amp#27;[31mSystem displays error message under Job Titles field &amp#27;[0m&amp#27;[31m&amp#27;[1m"Already exists"&amp#27;[0m                                 &amp#27;[90m# com.steps.JobTitlesStep.verifyAlreadyExistsMessage(java.lang.String)&amp#27;[0m
      &amp#27;[31morg.openqa.selenium.NoSuchElementException: no such element: Unable to locate element: {"method":"xpath","selector":"//*[text()='Already exists']"}
  (Session info: MicrosoftEdge=136.0.3240.76)
For documentation on this error, please visit: https://www.seleniumhq.org/exceptions/no_such_element.html
Build info: version: '3.141.59', revision: 'e82be7d358', time: '2018-11-14T08:17:03'
System info: host: 'SHAHED-ALRAMDAN', ip: '192.168.1.73', os.name: 'Windows 11', os.arch: 'amd64', os.version: '10.0', java.version: '23.0.2'
Driver info: org.openqa.selenium.edge.EdgeDriver
Capabilities {acceptInsecureCerts: false, browserName: MicrosoftEdge, browserVersion: 136.0.3240.76, fedcm:accounts: true, javascriptEnabled: true, ms:edgeOptions: {debuggerAddress: localhost:56874}, msedge: {msedgedriverVersion: 136.0.3240.76 (77e9ec69748f..., userDataDir: C:\Users\Shahe\AppData\Loca...}, networkConnectionEnabled: false, pageLoadStrategy: normal, platform: WINDOWS, platformName: WINDOWS, proxy: Proxy(), setWindowRect: true, strictFileInteractability: false, timeouts: {implicit: 0, pageLoad: 300000, script: 30000}, unhandledPromptBehavior: dismiss and notify, webauthn:extension:credBlob: true, webauthn:extension:largeBlob: true, webauthn:extension:minPinLength: true, webauthn:extension:prf: true, webauthn:virtualAuthenticators: true}
Session ID: 36473cfe69a15ae612e036b1896dbc82
*** Element info: {Using=xpath, value=//*[text()='Already exists']}
	at java.base/jdk.internal.reflect.DirectConstructorHandleAccessor.newInstance(DirectConstructorHandleAccessor.java:62)
	at java.base/java.lang.reflect.Constructor.newInstanceWithCaller(Constructor.java:501)
	at java.base/java.lang.reflect.Constructor.newInstance(Constructor.java:485)
	at org.openqa.selenium.remote.http.W3CHttpResponseCodec.createException(W3CHttpResponseCodec.java:187)
	at org.openqa.selenium.remote.http.W3CHttpResponseCodec.decode(W3CHttpResponseCodec.java:122)
	at org.openqa.selenium.remote.http.W3CHttpResponseCodec.decode(W3CHttpResponseCodec.java:49)
	at org.openqa.selenium.remote.HttpCommandExecutor.execute(HttpCommandExecutor.java:158)
	at org.openqa.selenium.remote.service.DriverCommandExecutor.execute(DriverCommandExecutor.java:83)
	at org.openqa.selenium.remote.RemoteWebDriver.execute(RemoteWebDriver.java:552)
	at org.openqa.selenium.remote.RemoteWebDriver.findElement(RemoteWebDriver.java:323)
	at org.openqa.selenium.remote.RemoteWebDriver.findElementByXPath(RemoteWebDriver.java:428)
	at org.openqa.selenium.By$ByXPath.findElement(By.java:353)
	at org.openqa.selenium.remote.RemoteWebDriver.findElement(RemoteWebDriver.java:315)
	at org.openqa.selenium.support.pagefactory.DefaultElementLocator.findElement(DefaultElementLocator.java:69)
	at org.openqa.selenium.support.pagefactory.internal.LocatingElementHandler.invoke(LocatingElementHandler.java:38)
	at jdk.proxy2/jdk.proxy2.$Proxy17.getText(Unknown Source)
	at com.page.JobTitlesPage.getAlreadyExistText(JobTitlesPage.java:102)
	at com.steps.JobTitlesStep.verifyAlreadyExistsMessage(JobTitlesStep.java:121)
	at ✽.System displays error message under Job Titles field "Already exists"(file:///C:/Users/Shahe/eclipse-workspace/B13-Maven/src/test/resources/smoke/SmokeTest.feature:25)
&amp#27;[0m
]]></system-out>
    <system-err><![CDATA[Starting Microsoft Edge WebDriver 136.0.3240.76 (77e9ec69748f08de141572c1eec5e1ad497c7be6) on port 26267
To submit feedback, report a bug, or suggest new features, please visit https://github.com/MicrosoftEdge/EdgeWebDriver

Only local connections are allowed.
Please see https://aka.ms/WebDriverSecurity for suggestions on keeping Microsoft Edge WebDriver safe.

msedgedriver was started successfully on port 26267.
May 16, 2025 9:08:16 PM org.openqa.selenium.remote.ProtocolHandshake createSession
INFO: Detected dialect: W3C
]]></system-err>
  </testcase>
  <testcase name="Verify User can edit existing job" classname="Job Titles Functionality" time="16.367">
    <system-out><![CDATA[
Scenario Outline: Verify User can edit existing job                                                          &amp#27;[90m# src/test/resources/smoke/SmokeTest.feature:40&amp#27;[0m
  &amp#27;[32mGiven &amp#27;[0m&amp#27;[32mAdmin User navigates to NTK Login page &amp#27;[0m&amp#27;[32m&amp#27;[1m"https://ntkhr.noortecktraining.com/web/index.php/auth/login"&amp#27;[0m &amp#27;[90m# com.steps.JobTitlesStep.navigateToNTK(java.lang.String)&amp#27;[0m
  &amp#27;[32mAnd &amp#27;[0m&amp#27;[32mAdmin User provides credentials &amp#27;[0m&amp#27;[32m&amp#27;[1m"ntk-admin"&amp#27;[0m&amp#27;[32m &amp#27;[0m&amp#27;[32m&amp#27;[1m"Password123@12"&amp#27;[0m                                           &amp#27;[90m# com.steps.JobTitlesStep.enterUserCredentials(java.lang.String,java.lang.String)&amp#27;[0m
  &amp#27;[32mAnd &amp#27;[0m&amp#27;[32mAdmin User clicks login button&amp#27;[0m                                                                         &amp#27;[90m# com.steps.JobTitlesStep.clickLoginBtn()&amp#27;[0m
  &amp#27;[32mAnd &amp#27;[0m&amp#27;[32mAdmin User navigates to &amp#27;[0m&amp#27;[32m&amp#27;[1m"Admin"&amp#27;[0m&amp#27;[32m page&amp#27;[0m                                                                   &amp#27;[90m# com.steps.JobTitlesStep.navigateToPage(java.lang.String)&amp#27;[0m
  &amp#27;[32mAnd &amp#27;[0m&amp#27;[32mAdmin User selects &amp#27;[0m&amp#27;[32m&amp#27;[1m"Job Titles"&amp#27;[0m&amp#27;[32m from &amp#27;[0m&amp#27;[32m&amp#27;[1m"Job"&amp#27;[0m&amp#27;[32m dropdown&amp#27;[0m                                                    &amp#27;[90m# com.steps.JobTitlesStep.selectValueFromDropdown(java.lang.String,java.lang.String)&amp#27;[0m
  &amp#27;[32mWhen &amp#27;[0m&amp#27;[32mAdmin User clicks edit icon &amp#27;[0m&amp#27;[32m&amp#27;[1m0&amp#27;[0m                                                                         &amp#27;[90m# com.steps.JobTitlesStep.clickEditIcon(java.lang.Integer)&amp#27;[0m
  &amp#27;[32mAnd &amp#27;[0m&amp#27;[32mAdmin User provides Job Title field values &amp#27;[0m&amp#27;[32m&amp#27;[1m"B13XYZ444"&amp#27;[0m&amp#27;[32m &amp#27;[0m&amp#27;[32m&amp#27;[1m"xyzDesc"&amp#27;[0m&amp#27;[32m &amp#27;[0m&amp#27;[32m&amp#27;[1m"xyzNotes"&amp#27;[0m                            &amp#27;[90m# com.steps.JobTitlesStep.enterJobTitleFieldValues(java.lang.String,java.lang.String,java.lang.String)&amp#27;[0m
  &amp#27;[32mAnd &amp#27;[0m&amp#27;[32mAdmin User clicks save button&amp#27;[0m                                                                          &amp#27;[90m# com.steps.JobTitlesStep.clickSaveBtn()&amp#27;[0m
Testcase passed:
  &amp#27;[32mThen &amp#27;[0m&amp#27;[32mSystem displays update message &amp#27;[0m&amp#27;[32m&amp#27;[1m"Successfully Updated"&amp#27;[0m                                                 &amp#27;[90m# com.steps.JobTitlesStep.verifyUpdateMessage(java.lang.String)&amp#27;[0m
]]></system-out>
    <system-err><![CDATA[Starting Microsoft Edge WebDriver 136.0.3240.76 (77e9ec69748f08de141572c1eec5e1ad497c7be6) on port 25177
To submit feedback, report a bug, or suggest new features, please visit https://github.com/MicrosoftEdge/EdgeWebDriver

Only local connections are allowed.
Please see https://aka.ms/WebDriverSecurity for suggestions on keeping Microsoft Edge WebDriver safe.

msedgedriver was started successfully on port 25177.
May 16, 2025 9:08:37 PM org.openqa.selenium.remote.ProtocolHandshake createSession
INFO: Detected dialect: W3C
]]></system-err>
  </testcase>
  <testcase name="Verify User can delete existing job" classname="Job Titles Functionality" time="11.83">
    <system-out><![CDATA[
Scenario Outline: Verify User can delete existing job                                                        &amp#27;[90m# src/test/resources/smoke/SmokeTest.feature:50&amp#27;[0m
  &amp#27;[32mGiven &amp#27;[0m&amp#27;[32mAdmin User navigates to NTK Login page &amp#27;[0m&amp#27;[32m&amp#27;[1m"https://ntkhr.noortecktraining.com/web/index.php/auth/login"&amp#27;[0m &amp#27;[90m# com.steps.JobTitlesStep.navigateToNTK(java.lang.String)&amp#27;[0m
  &amp#27;[32mAnd &amp#27;[0m&amp#27;[32mAdmin User provides credentials &amp#27;[0m&amp#27;[32m&amp#27;[1m"ntk-admin"&amp#27;[0m&amp#27;[32m &amp#27;[0m&amp#27;[32m&amp#27;[1m"Password123@12"&amp#27;[0m                                           &amp#27;[90m# com.steps.JobTitlesStep.enterUserCredentials(java.lang.String,java.lang.String)&amp#27;[0m
  &amp#27;[32mAnd &amp#27;[0m&amp#27;[32mAdmin User clicks login button&amp#27;[0m                                                                         &amp#27;[90m# com.steps.JobTitlesStep.clickLoginBtn()&amp#27;[0m
  &amp#27;[32mAnd &amp#27;[0m&amp#27;[32mAdmin User navigates to &amp#27;[0m&amp#27;[32m&amp#27;[1m"Admin"&amp#27;[0m&amp#27;[32m page&amp#27;[0m                                                                   &amp#27;[90m# com.steps.JobTitlesStep.navigateToPage(java.lang.String)&amp#27;[0m
  &amp#27;[32mAnd &amp#27;[0m&amp#27;[32mAdmin User selects &amp#27;[0m&amp#27;[32m&amp#27;[1m"Job Titles"&amp#27;[0m&amp#27;[32m from &amp#27;[0m&amp#27;[32m&amp#27;[1m"Job"&amp#27;[0m&amp#27;[32m dropdown&amp#27;[0m                                                    &amp#27;[90m# com.steps.JobTitlesStep.selectValueFromDropdown(java.lang.String,java.lang.String)&amp#27;[0m
  &amp#27;[32mWhen &amp#27;[0m&amp#27;[32mAdmin User clicks delete icon &amp#27;[0m&amp#27;[32m&amp#27;[1m0&amp#27;[0m                                                                       &amp#27;[90m# com.steps.JobTitlesStep.clickDeleteIcon(java.lang.Integer)&amp#27;[0m
  &amp#27;[32mAnd &amp#27;[0m&amp#27;[32mAdmin User clicks Yes Delete button&amp#27;[0m                                                                    &amp#27;[90m# com.steps.JobTitlesStep.clickYesDeleteBtn()&amp#27;[0m
Testcase passed:
  &amp#27;[32mThen &amp#27;[0m&amp#27;[32mSystem displays delete message &amp#27;[0m&amp#27;[32m&amp#27;[1m"Successfully Deleted"&amp#27;[0m                                                 &amp#27;[90m# com.steps.JobTitlesStep.verifyDeleteMessage(java.lang.String)&amp#27;[0m
]]></system-out>
    <system-err><![CDATA[Starting Microsoft Edge WebDriver 136.0.3240.76 (77e9ec69748f08de141572c1eec5e1ad497c7be6) on port 43552
To submit feedback, report a bug, or suggest new features, please visit https://github.com/MicrosoftEdge/EdgeWebDriver

Only local connections are allowed.
Please see https://aka.ms/WebDriverSecurity for suggestions on keeping Microsoft Edge WebDriver safe.

msedgedriver was started successfully on port 43552.
May 16, 2025 9:08:53 PM org.openqa.selenium.remote.ProtocolHandshake createSession
INFO: Detected dialect: W3C
]]></system-err>
  </testcase>
</testsuite>